<?xml version="1.0" encoding="UTF-8"?>
<!-- Generated by org.testng.reporters.JUnitXMLReporter -->
<testsuite hostname="admin1-desktop" ignored="0" name="TestTwo" tests="3" failures="1" timestamp="2020-02-07T16:09:16 IST" time="0.007" errors="0">
  <testcase name="testMethodFail" time="0.001" classname="com.excelreport.qa.TestClassTwo">
    <failure type="org.apache.poi.ss.formula.eval.NotImplementedException" message="failed internationally">
      <![CDATA[org.apache.poi.ss.formula.eval.NotImplementedException: failed internationally
at com.excelreport.qa.TestClassTwo.testMethodFail(TestClassTwo.java:19)
at java.util.ArrayList.forEach(ArrayList.java:1257)
... Removed 27 stack frames]]>
    </failure>
  </testcase> <!-- testMethodFail -->
  <testcase name="testMethodPass" time="0.0" classname="com.excelreport.qa.TestClassTwo"/>
  <testcase name="testMethodSkip" time="0.0" classname="com.excelreport.qa.TestClassTwo">
    <skipped/>
  </testcase> <!-- testMethodSkip -->
</testsuite> <!-- TestTwo -->
