<?xml version="1.0" encoding="UTF-8"?>
<testng-results skipped="0" failed="0" ignored="0" total="1" passed="1">
  <reporter-output>
  </reporter-output>
  <suite name="Default suite" duration-ms="24381" started-at="2020-02-01T15:43:04 IST" finished-at="2020-02-01T15:43:28 IST">
    <groups>
    </groups>
    <test name="Default test" duration-ms="24381" started-at="2020-02-01T15:43:04 IST" finished-at="2020-02-01T15:43:28 IST">
      <class name="com.qa.hs.tests.LoginTest">
        <test-method status="PASS" signature="loginTest()[pri:0, instance:com.qa.hs.tests.LoginTest@49fc609f]" name="loginTest" duration-ms="24355" started-at="2020-02-01T15:43:04 IST" finished-at="2020-02-01T15:43:28 IST">
          <reporter-output>
          </reporter-output>
        </test-method> <!-- loginTest -->
      </class> <!-- com.qa.hs.tests.LoginTest -->
    </test> <!-- Default test -->
  </suite> <!-- Default suite -->
</testng-results>
