<?xml version="1.0" encoding="UTF-8"?>
<testng-results skipped="0" failed="0" ignored="0" total="1" passed="1">
  <reporter-output>
  </reporter-output>
  <suite name="Default suite" duration-ms="9245" started-at="2020-02-07T14:29:32 IST" finished-at="2020-02-07T14:29:41 IST">
    <groups>
    </groups>
    <test name="Default test" duration-ms="9245" started-at="2020-02-07T14:29:32 IST" finished-at="2020-02-07T14:29:41 IST">
      <class name="com.bridgelabz.popuphandling.FileDownloadPopUp">
        <test-method status="PASS" signature="main()[pri:0, instance:com.bridgelabz.popuphandling.FileDownloadPopUp@131276c2]" name="main" duration-ms="9217" started-at="2020-02-07T14:29:32 IST" finished-at="2020-02-07T14:29:41 IST">
          <reporter-output>
          </reporter-output>
        </test-method> <!-- main -->
      </class> <!-- com.bridgelabz.popuphandling.FileDownloadPopUp -->
    </test> <!-- Default test -->
  </suite> <!-- Default suite -->
</testng-results>
