<?xml version="1.0" encoding="UTF-8"?>
<testng-results skipped="0" failed="1" ignored="0" total="6" passed="5">
  <reporter-output>
  </reporter-output>
  <suite name="Default suite" duration-ms="89678" started-at="2020-02-04T18:49:02 IST" finished-at="2020-02-04T18:50:32 IST">
    <groups>
    </groups>
    <test name="Default test" duration-ms="89678" started-at="2020-02-04T18:49:02 IST" finished-at="2020-02-04T18:50:32 IST">
      <class name="com.datadriven.test.HalfEbdayTest">
        <test-method status="PASS" signature="setUp()[pri:0, instance:com.datadriven.test.HalfEbdayTest@4e7dc304]" name="setUp" is-config="true" duration-ms="7819" started-at="2020-02-04T18:49:03 IST" finished-at="2020-02-04T18:49:10 IST">
          <reporter-output>
          </reporter-output>
        </test-method> <!-- setUp -->
        <test-method status="PASS" signature="halfEbayTest(java.lang.String, java.lang.String, java.lang.String, java.lang.String)[pri:0, instance:com.datadriven.test.HalfEbdayTest@4e7dc304]" name="halfEbayTest" duration-ms="4565" started-at="2020-02-04T18:49:10 IST" data-provider="getTestData" finished-at="2020-02-04T18:49:15 IST">
          <params>
            <param index="0">
              <value>
                <![CDATA[tushar]]>
              </value>
            </param>
            <param index="1">
              <value>
                <![CDATA[nayak]]>
              </value>
            </param>
            <param index="2">
              <value>
                <![CDATA[nayak.tushar1996@gmail.com]]>
              </value>
            </param>
            <param index="3">
              <value>
                <![CDATA[tushar@123]]>
              </value>
            </param>
          </params>
          <reporter-output>
          </reporter-output>
        </test-method> <!-- halfEbayTest -->
        <test-method status="PASS" signature="tearDown()[pri:0, instance:com.datadriven.test.HalfEbdayTest@4e7dc304]" name="tearDown" is-config="true" duration-ms="118" started-at="2020-02-04T18:49:15 IST" finished-at="2020-02-04T18:49:15 IST">
          <reporter-output>
          </reporter-output>
        </test-method> <!-- tearDown -->
        <test-method status="PASS" signature="setUp()[pri:0, instance:com.datadriven.test.HalfEbdayTest@4e7dc304]" name="setUp" is-config="true" duration-ms="1910" started-at="2020-02-04T18:49:15 IST" finished-at="2020-02-04T18:49:17 IST">
          <reporter-output>
          </reporter-output>
        </test-method> <!-- setUp -->
        <test-method status="PASS" signature="halfEbayTest(java.lang.String, java.lang.String, java.lang.String, java.lang.String)[pri:0, instance:com.datadriven.test.HalfEbdayTest@4e7dc304]" name="halfEbayTest" duration-ms="22003" started-at="2020-02-04T18:49:17 IST" data-provider="getTestData" finished-at="2020-02-04T18:49:39 IST">
          <params>
            <param index="0">
              <value>
                <![CDATA[rohit]]>
              </value>
            </param>
            <param index="1">
              <value>
                <![CDATA[T]]>
              </value>
            </param>
            <param index="2">
              <value>
                <![CDATA[abc@gmail.com]]>
              </value>
            </param>
            <param index="3">
              <value>
                <![CDATA[tushar@124]]>
              </value>
            </param>
          </params>
          <reporter-output>
          </reporter-output>
        </test-method> <!-- halfEbayTest -->
        <test-method status="PASS" signature="tearDown()[pri:0, instance:com.datadriven.test.HalfEbdayTest@4e7dc304]" name="tearDown" is-config="true" duration-ms="119" started-at="2020-02-04T18:49:39 IST" finished-at="2020-02-04T18:49:39 IST">
          <reporter-output>
          </reporter-output>
        </test-method> <!-- tearDown -->
        <test-method status="PASS" signature="setUp()[pri:0, instance:com.datadriven.test.HalfEbdayTest@4e7dc304]" name="setUp" is-config="true" duration-ms="2030" started-at="2020-02-04T18:49:39 IST" finished-at="2020-02-04T18:49:41 IST">
          <reporter-output>
          </reporter-output>
        </test-method> <!-- setUp -->
        <test-method status="PASS" signature="halfEbayTest(java.lang.String, java.lang.String, java.lang.String, java.lang.String)[pri:0, instance:com.datadriven.test.HalfEbdayTest@4e7dc304]" name="halfEbayTest" duration-ms="9178" started-at="2020-02-04T18:49:41 IST" data-provider="getTestData" finished-at="2020-02-04T18:49:50 IST">
          <params>
            <param index="0">
              <value>
                <![CDATA[swetha]]>
              </value>
            </param>
            <param index="1">
              <value>
                <![CDATA[S]]>
              </value>
            </param>
            <param index="2">
              <value>
                <![CDATA[cba@gmail.com]]>
              </value>
            </param>
            <param index="3">
              <value>
                <![CDATA[tushar@125]]>
              </value>
            </param>
          </params>
          <reporter-output>
          </reporter-output>
        </test-method> <!-- halfEbayTest -->
        <test-method status="PASS" signature="tearDown()[pri:0, instance:com.datadriven.test.HalfEbdayTest@4e7dc304]" name="tearDown" is-config="true" duration-ms="68" started-at="2020-02-04T18:49:50 IST" finished-at="2020-02-04T18:49:50 IST">
          <reporter-output>
          </reporter-output>
        </test-method> <!-- tearDown -->
        <test-method status="PASS" signature="setUp()[pri:0, instance:com.datadriven.test.HalfEbdayTest@4e7dc304]" name="setUp" is-config="true" duration-ms="1857" started-at="2020-02-04T18:49:50 IST" finished-at="2020-02-04T18:49:52 IST">
          <reporter-output>
          </reporter-output>
        </test-method> <!-- setUp -->
        <test-method status="PASS" signature="halfEbayTest(java.lang.String, java.lang.String, java.lang.String, java.lang.String)[pri:0, instance:com.datadriven.test.HalfEbdayTest@4e7dc304]" name="halfEbayTest" duration-ms="10429" started-at="2020-02-04T18:49:52 IST" data-provider="getTestData" finished-at="2020-02-04T18:50:03 IST">
          <params>
            <param index="0">
              <value>
                <![CDATA[sachin]]>
              </value>
            </param>
            <param index="1">
              <value>
                <![CDATA[B]]>
              </value>
            </param>
            <param index="2">
              <value>
                <![CDATA[xyz@gmail.com]]>
              </value>
            </param>
            <param index="3">
              <value>
                <![CDATA[tushar@126]]>
              </value>
            </param>
          </params>
          <reporter-output>
          </reporter-output>
        </test-method> <!-- halfEbayTest -->
        <test-method status="PASS" signature="tearDown()[pri:0, instance:com.datadriven.test.HalfEbdayTest@4e7dc304]" name="tearDown" is-config="true" duration-ms="170" started-at="2020-02-04T18:50:03 IST" finished-at="2020-02-04T18:50:03 IST">
          <reporter-output>
          </reporter-output>
        </test-method> <!-- tearDown -->
        <test-method status="PASS" signature="setUp()[pri:0, instance:com.datadriven.test.HalfEbdayTest@4e7dc304]" name="setUp" is-config="true" duration-ms="3179" started-at="2020-02-04T18:50:03 IST" finished-at="2020-02-04T18:50:06 IST">
          <reporter-output>
          </reporter-output>
        </test-method> <!-- setUp -->
        <test-method status="PASS" signature="halfEbayTest(java.lang.String, java.lang.String, java.lang.String, java.lang.String)[pri:0, instance:com.datadriven.test.HalfEbdayTest@4e7dc304]" name="halfEbayTest" duration-ms="15774" started-at="2020-02-04T18:50:06 IST" data-provider="getTestData" finished-at="2020-02-04T18:50:22 IST">
          <params>
            <param index="0">
              <value>
                <![CDATA[priya]]>
              </value>
            </param>
            <param index="1">
              <value>
                <![CDATA[N]]>
              </value>
            </param>
            <param index="2">
              <value>
                <![CDATA[qwer@gmail.com]]>
              </value>
            </param>
            <param index="3">
              <value>
                <![CDATA[tushar@127]]>
              </value>
            </param>
          </params>
          <reporter-output>
          </reporter-output>
        </test-method> <!-- halfEbayTest -->
        <test-method status="PASS" signature="tearDown()[pri:0, instance:com.datadriven.test.HalfEbdayTest@4e7dc304]" name="tearDown" is-config="true" duration-ms="68" started-at="2020-02-04T18:50:22 IST" finished-at="2020-02-04T18:50:22 IST">
          <reporter-output>
          </reporter-output>
        </test-method> <!-- tearDown -->
        <test-method status="PASS" signature="setUp()[pri:0, instance:com.datadriven.test.HalfEbdayTest@4e7dc304]" name="setUp" is-config="true" duration-ms="2165" started-at="2020-02-04T18:50:22 IST" finished-at="2020-02-04T18:50:24 IST">
          <reporter-output>
          </reporter-output>
        </test-method> <!-- setUp -->
        <test-method status="FAIL" signature="halfEbayTest(java.lang.String, java.lang.String, java.lang.String, java.lang.String)[pri:0, instance:com.datadriven.test.HalfEbdayTest@4e7dc304]" name="halfEbayTest" duration-ms="7435" started-at="2020-02-04T18:50:24 IST" data-provider="getTestData" finished-at="2020-02-04T18:50:31 IST">
          <params>
            <param index="0">
              <value>
                <![CDATA[prem]]>
              </value>
            </param>
            <param index="1">
              <value>
                <![CDATA[S]]>
              </value>
            </param>
            <param index="2">
              <value>
                <![CDATA[asdf@gmail.com]]>
              </value>
            </param>
            <param index="3">
              <value>
                <![CDATA[tushar@128]]>
              </value>
            </param>
          </params>
          <exception class="org.openqa.selenium.NoSuchElementException">
            <message>
              <![CDATA[Cannot locate an element using xpath=//input[@id='firstname']
For documentation on this error, please visit: https://www.seleniumhq.org/exceptions/no_such_element.html
Build info: version: '3.141.59', revision: 'e82be7d358', time: '2018-11-14T08:17:03'
System info: host: 'admin1-desktop', ip: '127.0.1.1', os.name: 'Linux', os.arch: 'amd64', os.version: '5.3.0-28-generic', java.version: '1.8.0_242'
Driver info: driver.version: RemoteWebDriver]]>
            </message>
            <full-stacktrace>
              <![CDATA[org.openqa.selenium.NoSuchElementException: Cannot locate an element using xpath=//input[@id='firstname']
For documentation on this error, please visit: https://www.seleniumhq.org/exceptions/no_such_element.html
Build info: version: '3.141.59', revision: 'e82be7d358', time: '2018-11-14T08:17:03'
System info: host: 'admin1-desktop', ip: '127.0.1.1', os.name: 'Linux', os.arch: 'amd64', os.version: '5.3.0-28-generic', java.version: '1.8.0_242'
Driver info: driver.version: RemoteWebDriver
at org.openqa.selenium.remote.RemoteWebDriver.findElement(RemoteWebDriver.java:327)
at org.openqa.selenium.remote.RemoteWebDriver.findElementByXPath(RemoteWebDriver.java:428)
at org.openqa.selenium.By$ByXPath.findElement(By.java:353)
at org.openqa.selenium.remote.RemoteWebDriver.findElement(RemoteWebDriver.java:315)
at com.datadriven.test.HalfEbdayTest.halfEbayTest(HalfEbdayTest.java:41)
at sun.reflect.NativeMethodAccessorImpl.invoke0(Native Method)
at sun.reflect.NativeMethodAccessorImpl.invoke(NativeMethodAccessorImpl.java:62)
at sun.reflect.DelegatingMethodAccessorImpl.invoke(DelegatingMethodAccessorImpl.java:43)
at java.lang.reflect.Method.invoke(Method.java:498)
at org.testng.internal.MethodInvocationHelper.invokeMethod(MethodInvocationHelper.java:133)
at org.testng.internal.TestInvoker.invokeMethod(TestInvoker.java:584)
at org.testng.internal.TestInvoker.invokeTestMethod(TestInvoker.java:172)
at org.testng.internal.MethodRunner.runInSequence(MethodRunner.java:46)
at org.testng.internal.TestInvoker$MethodInvocationAgent.invoke(TestInvoker.java:804)
at org.testng.internal.TestInvoker.invokeTestMethods(TestInvoker.java:145)
at org.testng.internal.TestMethodWorker.invokeTestMethods(TestMethodWorker.java:146)
at org.testng.internal.TestMethodWorker.run(TestMethodWorker.java:128)
at java.util.ArrayList.forEach(ArrayList.java:1257)
at org.testng.TestRunner.privateRun(TestRunner.java:770)
at org.testng.TestRunner.run(TestRunner.java:591)
at org.testng.SuiteRunner.runTest(SuiteRunner.java:402)
at org.testng.SuiteRunner.runSequentially(SuiteRunner.java:396)
at org.testng.SuiteRunner.privateRun(SuiteRunner.java:355)
at org.testng.SuiteRunner.run(SuiteRunner.java:304)
at org.testng.SuiteRunnerWorker.runSuite(SuiteRunnerWorker.java:53)
at org.testng.SuiteRunnerWorker.run(SuiteRunnerWorker.java:96)
at org.testng.TestNG.runSuitesSequentially(TestNG.java:1180)
at org.testng.TestNG.runSuitesLocally(TestNG.java:1102)
at org.testng.TestNG.runSuites(TestNG.java:1032)
at org.testng.TestNG.run(TestNG.java:1000)
at org.testng.remote.AbstractRemoteTestNG.run(AbstractRemoteTestNG.java:115)
at org.testng.remote.RemoteTestNG.initAndRun(RemoteTestNG.java:251)
at org.testng.remote.RemoteTestNG.main(RemoteTestNG.java:77)
]]>
            </full-stacktrace>
          </exception> <!-- org.openqa.selenium.NoSuchElementException -->
          <reporter-output>
          </reporter-output>
        </test-method> <!-- halfEbayTest -->
        <test-method status="PASS" signature="tearDown()[pri:0, instance:com.datadriven.test.HalfEbdayTest@4e7dc304]" name="tearDown" is-config="true" duration-ms="319" started-at="2020-02-04T18:50:31 IST" finished-at="2020-02-04T18:50:32 IST">
          <reporter-output>
          </reporter-output>
        </test-method> <!-- tearDown -->
      </class> <!-- com.datadriven.test.HalfEbdayTest -->
    </test> <!-- Default test -->
  </suite> <!-- Default suite -->
</testng-results>
