<?xml version="1.0" encoding="UTF-8"?>
<testng-results skipped="0" failed="0" ignored="0" total="2" passed="2">
  <reporter-output>
  </reporter-output>
  <suite name="Default suite" duration-ms="28251" started-at="2020-02-05T06:03:16Z" finished-at="2020-02-05T06:03:44Z">
    <groups>
    </groups>
    <test name="Default test" duration-ms="28251" started-at="2020-02-05T06:03:16Z" finished-at="2020-02-05T06:03:44Z">
      <class name="com.fb.qa.testcases.MarketPlaceTest">
        <test-method status="PASS" signature="setUp()[pri:0, instance:com.fb.qa.testcases.MarketPlaceTest@6d4b1c02]" name="setUp" is-config="true" duration-ms="9777" started-at="2020-02-05T06:03:16Z" finished-at="2020-02-05T06:03:26Z">
          <reporter-output>
          </reporter-output>
        </test-method> <!-- setUp -->
        <test-method status="PASS" signature="marketPlaceClick()[pri:1, instance:com.fb.qa.testcases.MarketPlaceTest@6d4b1c02]" name="marketPlaceClick" duration-ms="4734" started-at="2020-02-05T06:03:26Z" finished-at="2020-02-05T06:03:31Z">
          <reporter-output>
          </reporter-output>
        </test-method> <!-- marketPlaceClick -->
        <test-method status="PASS" signature="tearDown()[pri:0, instance:com.fb.qa.testcases.MarketPlaceTest@6d4b1c02]" name="tearDown" is-config="true" duration-ms="76" started-at="2020-02-05T06:03:31Z" finished-at="2020-02-05T06:03:31Z">
          <reporter-output>
          </reporter-output>
        </test-method> <!-- tearDown -->
        <test-method status="PASS" signature="setUp()[pri:0, instance:com.fb.qa.testcases.MarketPlaceTest@6d4b1c02]" name="setUp" is-config="true" duration-ms="9927" started-at="2020-02-05T06:03:31Z" finished-at="2020-02-05T06:03:41Z">
          <reporter-output>
          </reporter-output>
        </test-method> <!-- setUp -->
        <test-method status="PASS" signature="marketPlaceTitleCheck()[pri:2, instance:com.fb.qa.testcases.MarketPlaceTest@6d4b1c02]" name="marketPlaceTitleCheck" duration-ms="3494" started-at="2020-02-05T06:03:41Z" finished-at="2020-02-05T06:03:44Z">
          <reporter-output>
          </reporter-output>
        </test-method> <!-- marketPlaceTitleCheck -->
        <test-method status="PASS" signature="tearDown()[pri:0, instance:com.fb.qa.testcases.MarketPlaceTest@6d4b1c02]" name="tearDown" is-config="true" duration-ms="226" started-at="2020-02-05T06:03:44Z" finished-at="2020-02-05T06:03:44Z">
          <reporter-output>
          </reporter-output>
        </test-method> <!-- tearDown -->
      </class> <!-- com.fb.qa.testcases.MarketPlaceTest -->
    </test> <!-- Default test -->
  </suite> <!-- Default suite -->
</testng-results>
