<?xml version="1.0" encoding="UTF-8"?>
<testng-results skipped="0" failed="0" ignored="0" total="1" passed="1">
  <reporter-output>
  </reporter-output>
  <suite name="Default suite" duration-ms="22310" started-at="2020-02-06T11:48:52 IST" finished-at="2020-02-06T11:49:14 IST">
    <groups>
    </groups>
    <test name="Default test" duration-ms="22310" started-at="2020-02-06T11:48:52 IST" finished-at="2020-02-06T11:49:14 IST">
      <class name="com.pdfreader.test.PDFReaderTest">
        <test-method status="PASS" signature="readPdfTest()[pri:0, instance:com.pdfreader.test.PDFReaderTest@3cef309d]" name="readPdfTest" duration-ms="22236" started-at="2020-02-06T11:48:52 IST" finished-at="2020-02-06T11:49:14 IST">
          <reporter-output>
          </reporter-output>
        </test-method> <!-- readPdfTest -->
      </class> <!-- com.pdfreader.test.PDFReaderTest -->
    </test> <!-- Default test -->
  </suite> <!-- Default suite -->
</testng-results>
