<?xml version="1.0" encoding="UTF-8"?>
<!-- Generated by org.testng.reporters.JUnitXMLReporter -->
<testsuite hostname="admin1-desktop" ignored="0" name="facebook test cases" tests="2" failures="1" timestamp="03 Feb 2020 04:02:57 GMT" time="15.967" errors="0">
  <testcase name="findFriendPageLabelTest" time="0.004" classname="com.fb.qa.testcases.FindFriendsTest">
    <failure type="java.lang.NullPointerException">
      <![CDATA[java.lang.NullPointerException
at com.fb.qa.testcases.FindFriendsTest.findFriendPageLabelTest(FindFriendsTest.java:34)
... Removed 25 stack frames]]>
    </failure>
  </testcase> <!-- findFriendPageLabelTest -->
  <testcase name="titleTest" time="0.006" classname="com.fb.qa.testcases.LoginPageTest"/>
</testsuite> <!-- facebook test cases -->
