<?xml version="1.0" encoding="UTF-8"?>
<!-- Generated by org.testng.reporters.JUnitXMLReporter -->
<testsuite hostname="admin1-desktop" ignored="0" name="Default test" tests="3" failures="0" timestamp="2020-02-05T14:49:03 IST" time="39.667" errors="0">
  <testcase name="login" time="8.142" classname="com.json.qa.main.DDTestUsingJson"/>
  <testcase name="login" time="12.295" classname="com.json.qa.main.DDTestUsingJson"/>
  <testcase name="login" time="12.279" classname="com.json.qa.main.DDTestUsingJson"/>
</testsuite> <!-- Default test -->
